\BOOKMARK [1][-]{section.1}{Wstep}{}% 1
\BOOKMARK [2][-]{subsection.1.1}{Po co taki projekt?}{section.1}% 2
\BOOKMARK [2][-]{subsection.1.2}{Naukowe okreslenie problemu}{section.1}% 3
\BOOKMARK [1][-]{section.2}{Dokumentacja uzytkowa}{}% 4
\BOOKMARK [2][-]{subsection.2.1}{Czego uzytkownik powinien oczekiwac?}{section.2}% 5
\BOOKMARK [2][-]{subsection.2.2}{Tworzenie wykresu}{section.2}% 6
\BOOKMARK [2][-]{subsection.2.3}{Przyk\233adowy wyglad wykresu}{section.2}% 7
\BOOKMARK [2][-]{subsection.2.4}{Jak uruchomic program?}{section.2}% 8
\BOOKMARK [2][-]{subsection.2.5}{Podsumowanie}{section.2}% 9
\BOOKMARK [1][-]{section.3}{Dokumentacja implementacyjna}{}% 10
\BOOKMARK [2][-]{subsection.3.1}{Algorymiczna idea rozwiazania}{section.3}% 11
\BOOKMARK [2][-]{subsection.3.2}{Utrudnienie i rozwiazanie tego problemu}{section.3}% 12
\BOOKMARK [2][-]{subsection.3.3}{Podstawowe dane na temat specyfikacji projektu}{section.3}% 13
\BOOKMARK [2][-]{subsection.3.4}{Dlaczego golang?}{section.3}% 14
\BOOKMARK [2][-]{subsection.3.5}{Dlaczego Google charts?}{section.3}% 15
\BOOKMARK [2][-]{subsection.3.6}{Szczeg\363\233y rozwiazania: dodawanie nowego komputera}{section.3}% 16
\BOOKMARK [2][-]{subsection.3.7}{Szczeg\363\233y rozwiazania: pierwotna idea na tworzenie wykresu}{section.3}% 17
\BOOKMARK [2][-]{subsection.3.8}{Szczeg\363\233y rozwiazania: problem z tworzeniem wykresu i jego rozwiazanie}{section.3}% 18
\BOOKMARK [2][-]{subsection.3.9}{Wybrane protoko\233y}{section.3}% 19
\BOOKMARK [2][-]{subsection.3.10}{Protok\363\233 SIP}{section.3}% 20
\BOOKMARK [2][-]{subsection.3.11}{Protok\363\233 STP}{section.3}% 21
\BOOKMARK [2][-]{subsection.3.12}{Kr\363tkie uzasadnienie}{section.3}% 22
\BOOKMARK [2][-]{subsection.3.13}{Bezpieczenstwo}{section.3}% 23
\BOOKMARK [1][-]{section.4}{Dokumentacja techniczna}{}% 24
\BOOKMARK [2][-]{subsection.4.1}{Protoko\233y}{section.4}% 25
\BOOKMARK [2][-]{subsection.4.2}{Szczeg\363\233owy opis dzia\233ania wszystkich funkcji}{section.4}% 26
\BOOKMARK [1][-]{section.5}{Podzia\233 pracy}{}% 27
\BOOKMARK [2][-]{subsection.5.1}{S\233owo wstepu}{section.5}% 28
\BOOKMARK [2][-]{subsection.5.2}{Czesc, nad kt\363ra pracowalismy wsp\363lnie}{section.5}% 29
\BOOKMARK [2][-]{subsection.5.3}{Micha\233}{section.5}% 30
\BOOKMARK [2][-]{subsection.5.4}{Kasia}{section.5}% 31
