\BOOKMARK [1][-]{section.1}{Wstep}{}% 1
\BOOKMARK [2][-]{subsection.1.1}{Po co taki projekt?}{section.1}% 2
\BOOKMARK [2][-]{subsection.1.2}{Naukowe okreslenie problemu}{section.1}% 3
\BOOKMARK [1][-]{section.2}{Dokumentacja uzytkowa}{}% 4
\BOOKMARK [2][-]{subsection.2.1}{Czego uzytkownik powinien oczekiwac?}{section.2}% 5
\BOOKMARK [2][-]{subsection.2.2}{Tworzenie wykresu}{section.2}% 6
\BOOKMARK [2][-]{subsection.2.3}{Jak uruchomic program?}{section.2}% 7
\BOOKMARK [2][-]{subsection.2.4}{Podsumowanie}{section.2}% 8
\BOOKMARK [1][-]{section.3}{Dokumentacja implementacyjna}{}% 9
\BOOKMARK [2][-]{subsection.3.1}{Podstawowe dane na temat specyfikacji projektu}{section.3}% 10
\BOOKMARK [2][-]{subsection.3.2}{Podstawowe dane na temat specyfikacji projektu}{section.3}% 11
\BOOKMARK [1][-]{section.4}{Dokumentacja techniczna}{}% 12
\BOOKMARK [2][-]{subsection.4.1}{Teoria}{section.4}% 13
\BOOKMARK [2][-]{subsection.4.2}{Zadania}{section.4}% 14
\BOOKMARK [2][-]{subsection.4.3}{Rozwiazania}{section.4}% 15
\BOOKMARK [1][-]{section.5}{Podzia\233 pracy}{}% 16
\BOOKMARK [2][-]{subsection.5.1}{Teoria}{section.5}% 17
\BOOKMARK [2][-]{subsection.5.2}{Zadania}{section.5}% 18
\BOOKMARK [2][-]{subsection.5.3}{Rozwiazania}{section.5}% 19
\BOOKMARK [1][-]{section.6}{Podsumowanie}{}% 20
\BOOKMARK [2][-]{subsection.6.1}{Dowcip}{section.6}% 21
